<?xml version="1.0" encoding="UTF-8"?>
<testsuite name="com.billing.AccountTests" tests="1" skipped="0" failures="0" errors="0" timestamp="2024-05-06T13:41:09" hostname="MacBook-Air-Ila.local" time="0.001">
  <properties/>
  <testcase name="test()" classname="com.billing.AccountTests" time="0.001"/>
  <system-out><![CDATA[]]></system-out>
  <system-err><![CDATA[]]></system-err>
</testsuite>
