<?xml version="1.0" encoding="UTF-8"?>
<testsuite name="com.billing.SeleniumTests" tests="8" skipped="0" failures="1" errors="0" timestamp="2024-05-06T13:40:44" hostname="MacBook-Air-Ila.local" time="25.56">
  <properties/>
  <testcase name="registerTrans()" classname="com.billing.SeleniumTests" time="4.759"/>
  <testcase name="example()" classname="com.billing.SeleniumTests" time="11.235"/>
  <testcase name="registerContract()" classname="com.billing.SeleniumTests" time="1.562">
    <failure message="org.opentest4j.AssertionFailedError: expected: &lt;4&gt; but was: &lt;5&gt;" type="org.opentest4j.AssertionFailedError">org.opentest4j.AssertionFailedError: expected: &lt;4&gt; but was: &lt;5&gt;
	at app//org.junit.jupiter.api.AssertionFailureBuilder.build(AssertionFailureBuilder.java:151)
	at app//org.junit.jupiter.api.AssertionFailureBuilder.buildAndThrow(AssertionFailureBuilder.java:132)
	at app//org.junit.jupiter.api.AssertEquals.failNotEqual(AssertEquals.java:197)
	at app//org.junit.jupiter.api.AssertEquals.assertEquals(AssertEquals.java:150)
	at app//org.junit.jupiter.api.AssertEquals.assertEquals(AssertEquals.java:145)
	at app//org.junit.jupiter.api.Assertions.assertEquals(Assertions.java:531)
	at app//com.billing.SeleniumTests.registerContract(SeleniumTests.java:108)
	at java.base@21.0.1/jdk.internal.reflect.DirectMethodHandleAccessor.invoke(DirectMethodHandleAccessor.java:103)
	at java.base@21.0.1/java.lang.reflect.Method.invoke(Method.java:580)
	at app//org.junit.platform.commons.util.ReflectionUtils.invokeMethod(ReflectionUtils.java:728)
	at app//org.junit.jupiter.engine.execution.MethodInvocation.proceed(MethodInvocation.java:60)
	at app//org.junit.jupiter.engine.execution.InvocationInterceptorChain$ValidatingInvocation.proceed(InvocationInterceptorChain.java:131)
	at app//org.junit.jupiter.engine.extension.TimeoutExtension.intercept(TimeoutExtension.java:156)
	at app//org.junit.jupiter.engine.extension.TimeoutExtension.interceptTestableMethod(TimeoutExtension.java:147)
	at app//org.junit.jupiter.engine.extension.TimeoutExtension.interceptTestMethod(TimeoutExtension.java:86)
	at app//org.junit.jupiter.engine.execution.InterceptingExecutableInvoker$ReflectiveInterceptorCall.lambda$ofVoidMethod$0(InterceptingExecutableInvoker.java:103)
	at app//org.junit.jupiter.engine.execution.InterceptingExecutableInvoker.lambda$invoke$0(InterceptingExecutableInvoker.java:93)
	at app//org.junit.jupiter.engine.execution.InvocationInterceptorChain$InterceptedInvocation.proceed(InvocationInterceptorChain.java:106)
	at app//org.junit.jupiter.engine.execution.InvocationInterceptorChain.proceed(InvocationInterceptorChain.java:64)
	at app//org.junit.jupiter.engine.execution.InvocationInterceptorChain.chainAndInvoke(InvocationInterceptorChain.java:45)
	at app//org.junit.jupiter.engine.execution.InvocationInterceptorChain.invoke(InvocationInterceptorChain.java:37)
	at app//org.junit.jupiter.engine.execution.InterceptingExecutableInvoker.invoke(InterceptingExecutableInvoker.java:92)
	at app//org.junit.jupiter.engine.execution.InterceptingExecutableInvoker.invoke(InterceptingExecutableInvoker.java:86)
	at app//org.junit.jupiter.engine.descriptor.TestMethodTestDescriptor.lambda$invokeTestMethod$7(TestMethodTestDescriptor.java:218)
	at app//org.junit.platform.engine.support.hierarchical.ThrowableCollector.execute(ThrowableCollector.java:73)
	at app//org.junit.jupiter.engine.descriptor.TestMethodTestDescriptor.invokeTestMethod(TestMethodTestDescriptor.java:214)
	at app//org.junit.jupiter.engine.descriptor.TestMethodTestDescriptor.execute(TestMethodTestDescriptor.java:139)
	at app//org.junit.jupiter.engine.descriptor.TestMethodTestDescriptor.execute(TestMethodTestDescriptor.java:69)
	at app//org.junit.platform.engine.support.hierarchical.NodeTestTask.lambda$executeRecursively$6(NodeTestTask.java:151)
	at app//org.junit.platform.engine.support.hierarchical.ThrowableCollector.execute(ThrowableCollector.java:73)
	at app//org.junit.platform.engine.support.hierarchical.NodeTestTask.lambda$executeRecursively$8(NodeTestTask.java:141)
	at app//org.junit.platform.engine.support.hierarchical.Node.around(Node.java:137)
	at app//org.junit.platform.engine.support.hierarchical.NodeTestTask.lambda$executeRecursively$9(NodeTestTask.java:139)
	at app//org.junit.platform.engine.support.hierarchical.ThrowableCollector.execute(ThrowableCollector.java:73)
	at app//org.junit.platform.engine.support.hierarchical.NodeTestTask.executeRecursively(NodeTestTask.java:138)
	at app//org.junit.platform.engine.support.hierarchical.NodeTestTask.execute(NodeTestTask.java:95)
	at java.base@21.0.1/java.util.ArrayList.forEach(ArrayList.java:1596)
	at app//org.junit.platform.engine.support.hierarchical.SameThreadHierarchicalTestExecutorService.invokeAll(SameThreadHierarchicalTestExecutorService.java:41)
	at app//org.junit.platform.engine.support.hierarchical.NodeTestTask.lambda$executeRecursively$6(NodeTestTask.java:155)
	at app//org.junit.platform.engine.support.hierarchical.ThrowableCollector.execute(ThrowableCollector.java:73)
	at app//org.junit.platform.engine.support.hierarchical.NodeTestTask.lambda$executeRecursively$8(NodeTestTask.java:141)
	at app//org.junit.platform.engine.support.hierarchical.Node.around(Node.java:137)
	at app//org.junit.platform.engine.support.hierarchical.NodeTestTask.lambda$executeRecursively$9(NodeTestTask.java:139)
	at app//org.junit.platform.engine.support.hierarchical.ThrowableCollector.execute(ThrowableCollector.java:73)
	at app//org.junit.platform.engine.support.hierarchical.NodeTestTask.executeRecursively(NodeTestTask.java:138)
	at app//org.junit.platform.engine.support.hierarchical.NodeTestTask.execute(NodeTestTask.java:95)
	at java.base@21.0.1/java.util.ArrayList.forEach(ArrayList.java:1596)
	at app//org.junit.platform.engine.support.hierarchical.SameThreadHierarchicalTestExecutorService.invokeAll(SameThreadHierarchicalTestExecutorService.java:41)
	at app//org.junit.platform.engine.support.hierarchical.NodeTestTask.lambda$executeRecursively$6(NodeTestTask.java:155)
	at app//org.junit.platform.engine.support.hierarchical.ThrowableCollector.execute(ThrowableCollector.java:73)
	at app//org.junit.platform.engine.support.hierarchical.NodeTestTask.lambda$executeRecursively$8(NodeTestTask.java:141)
	at app//org.junit.platform.engine.support.hierarchical.Node.around(Node.java:137)
	at app//org.junit.platform.engine.support.hierarchical.NodeTestTask.lambda$executeRecursively$9(NodeTestTask.java:139)
	at app//org.junit.platform.engine.support.hierarchical.ThrowableCollector.execute(ThrowableCollector.java:73)
	at app//org.junit.platform.engine.support.hierarchical.NodeTestTask.executeRecursively(NodeTestTask.java:138)
	at app//org.junit.platform.engine.support.hierarchical.NodeTestTask.execute(NodeTestTask.java:95)
	at app//org.junit.platform.engine.support.hierarchical.SameThreadHierarchicalTestExecutorService.submit(SameThreadHierarchicalTestExecutorService.java:35)
	at app//org.junit.platform.engine.support.hierarchical.HierarchicalTestExecutor.execute(HierarchicalTestExecutor.java:57)
	at app//org.junit.platform.engine.support.hierarchical.HierarchicalTestEngine.execute(HierarchicalTestEngine.java:54)
	at app//org.junit.platform.launcher.core.EngineExecutionOrchestrator.execute(EngineExecutionOrchestrator.java:107)
	at app//org.junit.platform.launcher.core.EngineExecutionOrchestrator.execute(EngineExecutionOrchestrator.java:88)
	at app//org.junit.platform.launcher.core.EngineExecutionOrchestrator.lambda$execute$0(EngineExecutionOrchestrator.java:54)
	at app//org.junit.platform.launcher.core.EngineExecutionOrchestrator.withInterceptedStreams(EngineExecutionOrchestrator.java:67)
	at app//org.junit.platform.launcher.core.EngineExecutionOrchestrator.execute(EngineExecutionOrchestrator.java:52)
	at app//org.junit.platform.launcher.core.DefaultLauncher.execute(DefaultLauncher.java:114)
	at app//org.junit.platform.launcher.core.DefaultLauncher.execute(DefaultLauncher.java:86)
	at app//org.junit.platform.launcher.core.DefaultLauncherSession$DelegatingLauncher.execute(DefaultLauncherSession.java:86)
	at org.gradle.api.internal.tasks.testing.junitplatform.JUnitPlatformTestClassProcessor$CollectAllTestClassesExecutor.processAllTestClasses(JUnitPlatformTestClassProcessor.java:119)
	at org.gradle.api.internal.tasks.testing.junitplatform.JUnitPlatformTestClassProcessor$CollectAllTestClassesExecutor.access$000(JUnitPlatformTestClassProcessor.java:94)
	at org.gradle.api.internal.tasks.testing.junitplatform.JUnitPlatformTestClassProcessor.stop(JUnitPlatformTestClassProcessor.java:89)
	at org.gradle.api.internal.tasks.testing.SuiteTestClassProcessor.stop(SuiteTestClassProcessor.java:62)
	at java.base@21.0.1/jdk.internal.reflect.DirectMethodHandleAccessor.invoke(DirectMethodHandleAccessor.java:103)
	at java.base@21.0.1/java.lang.reflect.Method.invoke(Method.java:580)
	at org.gradle.internal.dispatch.ReflectionDispatch.dispatch(ReflectionDispatch.java:36)
	at org.gradle.internal.dispatch.ReflectionDispatch.dispatch(ReflectionDispatch.java:24)
	at org.gradle.internal.dispatch.ContextClassLoaderDispatch.dispatch(ContextClassLoaderDispatch.java:33)
	at org.gradle.internal.dispatch.ProxyDispatchAdapter$DispatchingInvocationHandler.invoke(ProxyDispatchAdapter.java:94)
	at jdk.proxy1/jdk.proxy1.$Proxy2.stop(Unknown Source)
	at org.gradle.api.internal.tasks.testing.worker.TestWorker$3.run(TestWorker.java:193)
	at org.gradle.api.internal.tasks.testing.worker.TestWorker.executeAndMaintainThreadName(TestWorker.java:129)
	at org.gradle.api.internal.tasks.testing.worker.TestWorker.execute(TestWorker.java:100)
	at org.gradle.api.internal.tasks.testing.worker.TestWorker.execute(TestWorker.java:60)
	at org.gradle.process.internal.worker.child.ActionExecutionWorker.execute(ActionExecutionWorker.java:56)
	at org.gradle.process.internal.worker.child.SystemApplicationClassLoaderWorker.call(SystemApplicationClassLoaderWorker.java:113)
	at org.gradle.process.internal.worker.child.SystemApplicationClassLoaderWorker.call(SystemApplicationClassLoaderWorker.java:65)
	at app//worker.org.gradle.process.internal.worker.GradleWorkerMain.run(GradleWorkerMain.java:69)
	at app//worker.org.gradle.process.internal.worker.GradleWorkerMain.main(GradleWorkerMain.java:74)
</failure>
  </testcase>
  <testcase name="manageClient()" classname="com.billing.SeleniumTests" time="1.978"/>
  <testcase name="mainPage()" classname="com.billing.SeleniumTests" time="0.982"/>
  <testcase name="clients()" classname="com.billing.SeleniumTests" time="1.509"/>
  <testcase name="history()" classname="com.billing.SeleniumTests" time="1.561"/>
  <testcase name="manageService()" classname="com.billing.SeleniumTests" time="1.972"/>
  <system-out><![CDATA[16:40:47.609 [Test worker] INFO org.hibernate.Version -- HHH000412: Hibernate ORM core version 6.4.4.Final
16:40:47.612 [Test worker] INFO org.hibernate.cfg.Environment -- HHH000205: Loaded properties from resource hibernate.properties: {hibernate.format_sql=true, hibernate.hbm2ddl.auto=update, hibernate.dialect=org.hibernate.dialect.PostgreSQLDialect, hibernate.driver_class=org.postgresql.Driver, hibernate.connection.password=****, hibernate.highlight_sql=true, hibernate.connection.username=postgres, hibernate.connection.url=jdbc:postgresql://localhost:5432/billing, hibernate.show_sql=true, hibernate.current_session_context_class=thread}
16:40:47.648 [Test worker] INFO org.hibernate.cache.internal.RegionFactoryInitiator -- HHH000026: Second-level cache disabled
16:40:47.700 [Test worker] WARN org.hibernate.orm.connections.pooling -- HHH10001002: Using built-in connection pool (not intended for production use)
16:40:47.708 [Test worker] INFO org.hibernate.orm.connections.pooling -- HHH10001005: Loaded JDBC driver class: org.postgresql.Driver
16:40:47.708 [Test worker] INFO org.hibernate.orm.connections.pooling -- HHH10001012: Connecting with JDBC URL [jdbc:postgresql://localhost:5432/billing]
16:40:47.708 [Test worker] INFO org.hibernate.orm.connections.pooling -- HHH10001001: Connection properties: {password=****, user=postgres}
16:40:47.708 [Test worker] INFO org.hibernate.orm.connections.pooling -- HHH10001003: Autocommit mode: false
16:40:47.709 [Test worker] INFO org.hibernate.orm.connections.pooling -- HHH10001115: Connection pool size: 20 (min=1)
16:40:47.837 [Test worker] WARN org.hibernate.orm.deprecation -- HHH90000025: PostgreSQLDialect does not need to be specified explicitly using 'hibernate.dialect' (remove the property setting and it will be selected by default)
16:40:48.392 [Test worker] INFO org.hibernate.orm.connections.access -- HHH10001501: Connection obtained from JdbcConnectionAccess [org.hibernate.engine.jdbc.env.internal.JdbcEnvironmentInitiator$ConnectionProviderJdbcConnectionAccess@1a67f8b4] for (non-JTA) DDL execution was not in auto-commit mode; the Connection 'local transaction' will be committed and the Connection will be set into auto-commit mode.
?[35m[Hibernate]?[0m 
    ?[34mselect?[0m
        c1_0.client_id,
        c1_0.acc_id,
        c1_0.client_info,
        c1_0.client_name,
        c1_0.client_org 
    ?[34mfrom?[0m
        clients c1_0 
    ?[34mwhere?[0m
        c1_0.client_name=? 
    ?[34mfetch?[0m
        first ? ?[34mrows?[0m ?[34monly?[0m
?[35m[Hibernate]?[0m 
    ?[34mselect?[0m
        a1_0.acc_id,
        a1_0.acc_balance,
        a1_0.acc_credit,
        a1_0.acc_history,
        a1_0.acc_terms 
    ?[34mfrom?[0m
        accounts a1_0 
    ?[34mwhere?[0m
        a1_0.acc_id=?
?[35m[Hibernate]?[0m 
    ?[34mselect?[0m
        o1_0.org_id,
        o1_0.org_inn,
        o1_0.org_name 
    ?[34mfrom?[0m
        organizations o1_0 
    ?[34mwhere?[0m
        o1_0.org_id=?
?[35m[Hibernate]?[0m 
    ?[34mselect?[0m
        c1_0.client_id,
        c1_0.acc_id,
        c1_0.client_info,
        c1_0.client_name,
        c1_0.client_org 
    ?[34mfrom?[0m
        clients c1_0 
    ?[34mwhere?[0m
        c1_0.client_name=? 
    ?[34mfetch?[0m
        first ? ?[34mrows?[0m ?[34monly?[0m
?[35m[Hibernate]?[0m 
    ?[34mselect?[0m
        a1_0.acc_id,
        a1_0.acc_balance,
        a1_0.acc_credit,
        a1_0.acc_history,
        a1_0.acc_terms 
    ?[34mfrom?[0m
        accounts a1_0 
    ?[34mwhere?[0m
        a1_0.acc_id=?
?[35m[Hibernate]?[0m 
    ?[34mselect?[0m
        o1_0.org_id,
        o1_0.org_inn,
        o1_0.org_name 
    ?[34mfrom?[0m
        organizations o1_0 
    ?[34mwhere?[0m
        o1_0.org_id=?
?[35m[Hibernate]?[0m 
    ?[34mselect?[0m
        cs1_0.client_id,
        cs1_0.service_id,
        cs1_0.contract_begin,
        cs1_0.contract_end,
        cs1_0.contract_num 
    ?[34mfrom?[0m
        client_service cs1_0
?[35m[Hibernate]?[0m 
    ?[34mselect?[0m
        c1_0.client_id,
        a1_0.acc_id,
        a1_0.acc_balance,
        a1_0.acc_credit,
        a1_0.acc_history,
        a1_0.acc_terms,
        c1_0.client_info,
        c1_0.client_name,
        o1_0.org_id,
        o1_0.org_inn,
        o1_0.org_name 
    ?[34mfrom?[0m
        clients c1_0 
    ?[34mleft?[0m ?[34mjoin?[0m
        accounts a1_0 
            ?[34mon?[0m a1_0.acc_id=c1_0.acc_id 
    ?[34mleft?[0m ?[34mjoin?[0m
        organizations o1_0 
            ?[34mon?[0m o1_0.org_id=c1_0.client_org 
    ?[34mwhere?[0m
        c1_0.client_id=?
?[35m[Hibernate]?[0m 
    ?[34mselect?[0m
        s1_0.service_id,
        s1_0.service_name,
        s1_0.service_package,
        s1_0.service_tariff 
    ?[34mfrom?[0m
        services s1_0 
    ?[34mwhere?[0m
        s1_0.service_id=?
?[35m[Hibernate]?[0m 
    ?[34mselect?[0m
        s1_0.service_id,
        s1_0.service_name,
        s1_0.service_package,
        s1_0.service_tariff 
    ?[34mfrom?[0m
        services s1_0 
    ?[34mwhere?[0m
        s1_0.service_id=?
?[35m[Hibernate]?[0m 
    ?[34mselect?[0m
        s1_0.service_id,
        s1_0.service_name,
        s1_0.service_package,
        s1_0.service_tariff 
    ?[34mfrom?[0m
        services s1_0 
    ?[34mwhere?[0m
        s1_0.service_id=?
?[35m[Hibernate]?[0m 
    ?[34mselect?[0m
        s1_0.service_id,
        s1_0.service_name,
        s1_0.service_package,
        s1_0.service_tariff 
    ?[34mfrom?[0m
        services s1_0 
    ?[34mwhere?[0m
        s1_0.service_id=?
?[35m[Hibernate]?[0m 
    ?[34mselect?[0m
        cs1_0.client_id,
        cs1_0.service_id,
        cs1_0.contract_begin,
        cs1_0.contract_end,
        cs1_0.contract_num 
    ?[34mfrom?[0m
        client_service cs1_0
?[35m[Hibernate]?[0m 
    ?[34mselect?[0m
        c1_0.client_id,
        a1_0.acc_id,
        a1_0.acc_balance,
        a1_0.acc_credit,
        a1_0.acc_history,
        a1_0.acc_terms,
        c1_0.client_info,
        c1_0.client_name,
        o1_0.org_id,
        o1_0.org_inn,
        o1_0.org_name 
    ?[34mfrom?[0m
        clients c1_0 
    ?[34mleft?[0m ?[34mjoin?[0m
        accounts a1_0 
            ?[34mon?[0m a1_0.acc_id=c1_0.acc_id 
    ?[34mleft?[0m ?[34mjoin?[0m
        organizations o1_0 
            ?[34mon?[0m o1_0.org_id=c1_0.client_org 
    ?[34mwhere?[0m
        c1_0.client_id=?
?[35m[Hibernate]?[0m 
    ?[34mselect?[0m
        s1_0.service_id,
        s1_0.service_name,
        s1_0.service_package,
        s1_0.service_tariff 
    ?[34mfrom?[0m
        services s1_0 
    ?[34mwhere?[0m
        s1_0.service_id=?
?[35m[Hibernate]?[0m 
    ?[34mselect?[0m
        s1_0.service_id,
        s1_0.service_name,
        s1_0.service_package,
        s1_0.service_tariff 
    ?[34mfrom?[0m
        services s1_0 
    ?[34mwhere?[0m
        s1_0.service_id=?
?[35m[Hibernate]?[0m 
    ?[34mselect?[0m
        s1_0.service_id,
        s1_0.service_name,
        s1_0.service_package,
        s1_0.service_tariff 
    ?[34mfrom?[0m
        services s1_0 
    ?[34mwhere?[0m
        s1_0.service_id=?
?[35m[Hibernate]?[0m 
    ?[34mselect?[0m
        s1_0.service_id,
        s1_0.service_name,
        s1_0.service_package,
        s1_0.service_tariff 
    ?[34mfrom?[0m
        services s1_0 
    ?[34mwhere?[0m
        s1_0.service_id=?
?[35m[Hibernate]?[0m 
    ?[34mselect?[0m
        c1_0.client_id,
        c1_0.acc_id,
        c1_0.client_info,
        c1_0.client_name,
        c1_0.client_org 
    ?[34mfrom?[0m
        clients c1_0 
    ?[34mwhere?[0m
        c1_0.client_name=? 
    ?[34mfetch?[0m
        first ? ?[34mrows?[0m ?[34monly?[0m
?[35m[Hibernate]?[0m 
    ?[34mselect?[0m
        a1_0.acc_id,
        a1_0.acc_balance,
        a1_0.acc_credit,
        a1_0.acc_history,
        a1_0.acc_terms 
    ?[34mfrom?[0m
        accounts a1_0 
    ?[34mwhere?[0m
        a1_0.acc_id=?
?[35m[Hibernate]?[0m 
    ?[34mselect?[0m
        o1_0.org_id,
        o1_0.org_inn,
        o1_0.org_name 
    ?[34mfrom?[0m
        organizations o1_0 
    ?[34mwhere?[0m
        o1_0.org_id=?
?[35m[Hibernate]?[0m 
    ?[34mselect?[0m
        c1_0.client_id,
        c1_0.acc_id,
        c1_0.client_info,
        c1_0.client_name,
        c1_0.client_org 
    ?[34mfrom?[0m
        clients c1_0 
    ?[34mwhere?[0m
        c1_0.client_name=? 
    ?[34mfetch?[0m
        first ? ?[34mrows?[0m ?[34monly?[0m
?[35m[Hibernate]?[0m 
    ?[34mselect?[0m
        a1_0.acc_id,
        a1_0.acc_balance,
        a1_0.acc_credit,
        a1_0.acc_history,
        a1_0.acc_terms 
    ?[34mfrom?[0m
        accounts a1_0 
    ?[34mwhere?[0m
        a1_0.acc_id=?
?[35m[Hibernate]?[0m 
    ?[34mselect?[0m
        o1_0.org_id,
        o1_0.org_inn,
        o1_0.org_name 
    ?[34mfrom?[0m
        organizations o1_0 
    ?[34mwhere?[0m
        o1_0.org_id=?
?[35m[Hibernate]?[0m 
    ?[34mselect?[0m
        c1_0.client_id,
        c1_0.acc_id,
        c1_0.client_info,
        c1_0.client_name,
        c1_0.client_org 
    ?[34mfrom?[0m
        clients c1_0 
    ?[34mwhere?[0m
        c1_0.client_name=? 
    ?[34mfetch?[0m
        first ? ?[34mrows?[0m ?[34monly?[0m
Billing
?[35m[Hibernate]?[0m 
    ?[34mselect?[0m
        cs1_0.client_id,
        cs1_0.service_id,
        cs1_0.contract_begin,
        cs1_0.contract_end,
        cs1_0.contract_num 
    ?[34mfrom?[0m
        client_service cs1_0
?[35m[Hibernate]?[0m 
    ?[34mselect?[0m
        c1_0.client_id,
        a1_0.acc_id,
        a1_0.acc_balance,
        a1_0.acc_credit,
        a1_0.acc_history,
        a1_0.acc_terms,
        c1_0.client_info,
        c1_0.client_name,
        o1_0.org_id,
        o1_0.org_inn,
        o1_0.org_name 
    ?[34mfrom?[0m
        clients c1_0 
    ?[34mleft?[0m ?[34mjoin?[0m
        accounts a1_0 
            ?[34mon?[0m a1_0.acc_id=c1_0.acc_id 
    ?[34mleft?[0m ?[34mjoin?[0m
        organizations o1_0 
            ?[34mon?[0m o1_0.org_id=c1_0.client_org 
    ?[34mwhere?[0m
        c1_0.client_id=?
?[35m[Hibernate]?[0m 
    ?[34mselect?[0m
        s1_0.service_id,
        s1_0.service_name,
        s1_0.service_package,
        s1_0.service_tariff 
    ?[34mfrom?[0m
        services s1_0 
    ?[34mwhere?[0m
        s1_0.service_id=?
?[35m[Hibernate]?[0m 
    ?[34mselect?[0m
        s1_0.service_id,
        s1_0.service_name,
        s1_0.service_package,
        s1_0.service_tariff 
    ?[34mfrom?[0m
        services s1_0 
    ?[34mwhere?[0m
        s1_0.service_id=?
?[35m[Hibernate]?[0m 
    ?[34mselect?[0m
        s1_0.service_id,
        s1_0.service_name,
        s1_0.service_package,
        s1_0.service_tariff 
    ?[34mfrom?[0m
        services s1_0 
    ?[34mwhere?[0m
        s1_0.service_id=?
?[35m[Hibernate]?[0m 
    ?[34mselect?[0m
        s1_0.service_id,
        s1_0.service_name,
        s1_0.service_package,
        s1_0.service_tariff 
    ?[34mfrom?[0m
        services s1_0 
    ?[34mwhere?[0m
        s1_0.service_id=?
?[35m[Hibernate]?[0m 
    ?[34mselect?[0m
        c1_0.client_id,
        c1_0.acc_id,
        c1_0.client_info,
        c1_0.client_name,
        c1_0.client_org 
    ?[34mfrom?[0m
        clients c1_0 
    ?[34mwhere?[0m
        c1_0.client_name=? 
    ?[34mfetch?[0m
        first ? ?[34mrows?[0m ?[34monly?[0m
?[35m[Hibernate]?[0m 
    ?[34mselect?[0m
        a1_0.acc_id,
        a1_0.acc_balance,
        a1_0.acc_credit,
        a1_0.acc_history,
        a1_0.acc_terms 
    ?[34mfrom?[0m
        accounts a1_0 
    ?[34mwhere?[0m
        a1_0.acc_id=?
?[35m[Hibernate]?[0m 
    ?[34mselect?[0m
        o1_0.org_id,
        o1_0.org_inn,
        o1_0.org_name 
    ?[34mfrom?[0m
        organizations o1_0 
    ?[34mwhere?[0m
        o1_0.org_id=?
?[35m[Hibernate]?[0m 
    ?[34mselect?[0m
        s1_0.service_id,
        s1_0.service_name,
        s1_0.service_package,
        s1_0.service_tariff 
    ?[34mfrom?[0m
        services s1_0 
    ?[34mwhere?[0m
        s1_0.service_name=? 
    ?[34mfetch?[0m
        first ? ?[34mrows?[0m ?[34monly?[0m
?[35m[Hibernate]?[0m 
    ?[34mselect?[0m
        s1_0.service_id,
        s1_0.service_name,
        s1_0.service_package,
        s1_0.service_tariff 
    ?[34mfrom?[0m
        services s1_0 
    ?[34mwhere?[0m
        s1_0.service_name=? 
    ?[34mfetch?[0m
        first ? ?[34mrows?[0m ?[34monly?[0m
?[35m[Hibernate]?[0m 
    ?[34mselect?[0m
        s1_0.service_id,
        s1_0.service_name,
        s1_0.service_package,
        s1_0.service_tariff 
    ?[34mfrom?[0m
        services s1_0 
    ?[34mwhere?[0m
        s1_0.service_name=? 
    ?[34mfetch?[0m
        first ? ?[34mrows?[0m ?[34monly?[0m
]]></system-out>
  <system-err><![CDATA[]]></system-err>
</testsuite>
