<?xml version="1.0" encoding="UTF-8"?>
<testsuite name="com.billing.AccountTests" tests="1" skipped="0" failures="0" errors="0" timestamp="2024-04-04T13:23:54" hostname="MacBook-Air-Ila.local" time="0.022">
  <properties/>
  <testcase name="test()" classname="com.billing.AccountTests" time="0.022"/>
  <system-out><![CDATA[]]></system-out>
  <system-err><![CDATA[]]></system-err>
</testsuite>
