<?xml version="1.0" encoding="UTF-8"?>
<testsuite name="com.billing.Client2ServiceTests" tests="5" skipped="0" failures="0" errors="0" timestamp="2024-05-06T13:41:09" hostname="MacBook-Air-Ila.local" time="0.176">
  <properties/>
  <testcase name="testFindAll()" classname="com.billing.Client2ServiceTests" time="0.01"/>
  <testcase name="test()" classname="com.billing.Client2ServiceTests" time="0.005"/>
  <testcase name="testFindById()" classname="com.billing.Client2ServiceTests" time="0.006"/>
  <testcase name="testFilter()" classname="com.billing.Client2ServiceTests" time="0.12"/>
  <testcase name="testService()" classname="com.billing.Client2ServiceTests" time="0.034"/>
  <system-out><![CDATA[?[35m[Hibernate]?[0m 
    ?[34mselect?[0m
        c1_0.client_id,
        a1_0.acc_id,
        a1_0.acc_balance,
        a1_0.acc_credit,
        a1_0.acc_history,
        a1_0.acc_terms,
        c1_0.client_info,
        c1_0.client_name,
        o1_0.org_id,
        o1_0.org_inn,
        o1_0.org_name 
    ?[34mfrom?[0m
        clients c1_0 
    ?[34mleft?[0m ?[34mjoin?[0m
        accounts a1_0 
            ?[34mon?[0m a1_0.acc_id=c1_0.acc_id 
    ?[34mleft?[0m ?[34mjoin?[0m
        organizations o1_0 
            ?[34mon?[0m o1_0.org_id=c1_0.client_org 
    ?[34mwhere?[0m
        c1_0.client_id=?
?[35m[Hibernate]?[0m 
    ?[34mselect?[0m
        s1_0.service_id,
        s1_0.service_name,
        s1_0.service_package,
        s1_0.service_tariff 
    ?[34mfrom?[0m
        services s1_0 
    ?[34mwhere?[0m
        s1_0.service_id=?
?[35m[Hibernate]?[0m 
    ?[34minsert?[0m 
    ?[34minto?[0m
        client_service
        (contract_begin, contract_end, contract_num, client_id, service_id) 
    ?[34mvalues?[0m
        (?, ?, ?, ?, ?)
?[35m[Hibernate]?[0m 
    ?[34mselect?[0m
        cs1_0.client_id,
        cs1_0.service_id,
        cs1_0.contract_begin,
        cs1_0.contract_end,
        cs1_0.contract_num 
    ?[34mfrom?[0m
        client_service cs1_0
?[35m[Hibernate]?[0m 
    ?[34mselect?[0m
        c1_0.client_id,
        a1_0.acc_id,
        a1_0.acc_balance,
        a1_0.acc_credit,
        a1_0.acc_history,
        a1_0.acc_terms,
        c1_0.client_info,
        c1_0.client_name,
        o1_0.org_id,
        o1_0.org_inn,
        o1_0.org_name 
    ?[34mfrom?[0m
        clients c1_0 
    ?[34mleft?[0m ?[34mjoin?[0m
        accounts a1_0 
            ?[34mon?[0m a1_0.acc_id=c1_0.acc_id 
    ?[34mleft?[0m ?[34mjoin?[0m
        organizations o1_0 
            ?[34mon?[0m o1_0.org_id=c1_0.client_org 
    ?[34mwhere?[0m
        c1_0.client_id=?
?[35m[Hibernate]?[0m 
    ?[34mselect?[0m
        s1_0.service_id,
        s1_0.service_name,
        s1_0.service_package,
        s1_0.service_tariff 
    ?[34mfrom?[0m
        services s1_0 
    ?[34mwhere?[0m
        s1_0.service_id=?
?[35m[Hibernate]?[0m 
    ?[34mselect?[0m
        s1_0.service_id,
        s1_0.service_name,
        s1_0.service_package,
        s1_0.service_tariff 
    ?[34mfrom?[0m
        services s1_0 
    ?[34mwhere?[0m
        s1_0.service_id=?
?[35m[Hibernate]?[0m 
    ?[34mselect?[0m
        s1_0.service_id,
        s1_0.service_name,
        s1_0.service_package,
        s1_0.service_tariff 
    ?[34mfrom?[0m
        services s1_0 
    ?[34mwhere?[0m
        s1_0.service_id=?
?[35m[Hibernate]?[0m 
    ?[34mselect?[0m
        s1_0.service_id,
        s1_0.service_name,
        s1_0.service_package,
        s1_0.service_tariff 
    ?[34mfrom?[0m
        services s1_0 
    ?[34mwhere?[0m
        s1_0.service_id=?
?[35m[Hibernate]?[0m 
    ?[34mselect?[0m
        c1_0.client_id,
        a1_0.acc_id,
        a1_0.acc_balance,
        a1_0.acc_credit,
        a1_0.acc_history,
        a1_0.acc_terms,
        c1_0.client_info,
        c1_0.client_name,
        o1_0.org_id,
        o1_0.org_inn,
        o1_0.org_name 
    ?[34mfrom?[0m
        clients c1_0 
    ?[34mleft?[0m ?[34mjoin?[0m
        accounts a1_0 
            ?[34mon?[0m a1_0.acc_id=c1_0.acc_id 
    ?[34mleft?[0m ?[34mjoin?[0m
        organizations o1_0 
            ?[34mon?[0m o1_0.org_id=c1_0.client_org 
    ?[34mwhere?[0m
        c1_0.client_id=?
?[35m[Hibernate]?[0m 
    ?[34mselect?[0m
        s1_0.service_id,
        s1_0.service_name,
        s1_0.service_package,
        s1_0.service_tariff 
    ?[34mfrom?[0m
        services s1_0 
    ?[34mwhere?[0m
        s1_0.service_id=?
?[35m[Hibernate]?[0m 
    ?[34mselect?[0m
        c1_0.client_id,
        a1_0.acc_id,
        a1_0.acc_balance,
        a1_0.acc_credit,
        a1_0.acc_history,
        a1_0.acc_terms,
        c1_0.client_info,
        c1_0.client_name,
        o1_0.org_id,
        o1_0.org_inn,
        o1_0.org_name 
    ?[34mfrom?[0m
        clients c1_0 
    ?[34mleft?[0m ?[34mjoin?[0m
        accounts a1_0 
            ?[34mon?[0m a1_0.acc_id=c1_0.acc_id 
    ?[34mleft?[0m ?[34mjoin?[0m
        organizations o1_0 
            ?[34mon?[0m o1_0.org_id=c1_0.client_org 
    ?[34mwhere?[0m
        c1_0.client_id=?
?[35m[Hibernate]?[0m 
    ?[34mselect?[0m
        s1_0.service_id,
        s1_0.service_name,
        s1_0.service_package,
        s1_0.service_tariff 
    ?[34mfrom?[0m
        services s1_0 
    ?[34mwhere?[0m
        s1_0.service_id=?
?[35m[Hibernate]?[0m 
    ?[34mselect?[0m
        cs1_0.client_id,
        cs1_0.service_id,
        c1_0.client_id,
        a1_0.acc_id,
        a1_0.acc_balance,
        a1_0.acc_credit,
        a1_0.acc_history,
        a1_0.acc_terms,
        c1_0.client_info,
        c1_0.client_name,
        o1_0.org_id,
        o1_0.org_inn,
        o1_0.org_name,
        cs1_0.contract_begin,
        cs1_0.contract_end,
        cs1_0.contract_num,
        s1_0.service_id,
        s1_0.service_name,
        s1_0.service_package,
        s1_0.service_tariff 
    ?[34mfrom?[0m
        client_service cs1_0 
    ?[34mleft?[0m ?[34mjoin?[0m
        clients c1_0 
            ?[34mon?[0m c1_0.client_id=cs1_0.client_id 
    ?[34mleft?[0m ?[34mjoin?[0m
        accounts a1_0 
            ?[34mon?[0m a1_0.acc_id=c1_0.acc_id 
    ?[34mleft?[0m ?[34mjoin?[0m
        organizations o1_0 
            ?[34mon?[0m o1_0.org_id=c1_0.client_org 
    ?[34mleft?[0m ?[34mjoin?[0m
        services s1_0 
            ?[34mon?[0m s1_0.service_id=cs1_0.service_id 
    ?[34mwhere?[0m
        (
            cs1_0.client_id, cs1_0.service_id
        ) ?[34min?[0m ((?, ?))
?[35m[Hibernate]?[0m 
    ?[34mselect?[0m
        ?[34mdistinct?[0m cs1_0.client_id,
        cs1_0.service_id,
        cs1_0.contract_begin,
        cs1_0.contract_end,
        cs1_0.contract_num 
    ?[34mfrom?[0m
        client_service cs1_0 
    ?[34mjoin?[0m
        clients c1_0 
            ?[34mon?[0m c1_0.client_id=cs1_0.client_id 
    ?[34mjoin?[0m
        accounts a1_0 
            ?[34mon?[0m a1_0.acc_id=c1_0.acc_id 
    ?[34mjoin?[0m
        services s1_0 
            ?[34mon?[0m s1_0.service_id=cs1_0.service_id 
    ?[34mwhere?[0m
        1=1 
        ?[34mand?[0m s1_0.service_name=? 
        ?[34mand?[0m a1_0.acc_credit>0
?[35m[Hibernate]?[0m 
    ?[34mselect?[0m
        c1_0.client_id,
        a1_0.acc_id,
        a1_0.acc_balance,
        a1_0.acc_credit,
        a1_0.acc_history,
        a1_0.acc_terms,
        c1_0.client_info,
        c1_0.client_name,
        o1_0.org_id,
        o1_0.org_inn,
        o1_0.org_name 
    ?[34mfrom?[0m
        clients c1_0 
    ?[34mleft?[0m ?[34mjoin?[0m
        accounts a1_0 
            ?[34mon?[0m a1_0.acc_id=c1_0.acc_id 
    ?[34mleft?[0m ?[34mjoin?[0m
        organizations o1_0 
            ?[34mon?[0m o1_0.org_id=c1_0.client_org 
    ?[34mwhere?[0m
        c1_0.client_id=?
?[35m[Hibernate]?[0m 
    ?[34mselect?[0m
        s1_0.service_id,
        s1_0.service_name,
        s1_0.service_package,
        s1_0.service_tariff 
    ?[34mfrom?[0m
        services s1_0 
    ?[34mwhere?[0m
        s1_0.service_id=?
?[35m[Hibernate]?[0m 
    ?[34mselect?[0m
        ?[34mdistinct?[0m cs1_0.client_id,
        cs1_0.service_id,
        cs1_0.contract_begin,
        cs1_0.contract_end,
        cs1_0.contract_num 
    ?[34mfrom?[0m
        client_service cs1_0 
    ?[34mjoin?[0m
        clients c1_0 
            ?[34mon?[0m c1_0.client_id=cs1_0.client_id 
    ?[34mjoin?[0m
        accounts a1_0 
            ?[34mon?[0m a1_0.acc_id=c1_0.acc_id 
    ?[34mwhere?[0m
        1=1 
        ?[34mand?[0m cs1_0.contract_begin>=? 
        ?[34mand?[0m a1_0.acc_credit>0
?[35m[Hibernate]?[0m 
    ?[34mselect?[0m
        ?[34mdistinct?[0m cs1_0.client_id,
        cs1_0.service_id,
        cs1_0.contract_begin,
        cs1_0.contract_end,
        cs1_0.contract_num 
    ?[34mfrom?[0m
        client_service cs1_0 
    ?[34mwhere?[0m
        1=1 
        ?[34mand?[0m (
            cs1_0.contract_end ?[34mis?[0m ?[34mnull?[0m 
            ?[34mor?[0m cs1_0.contract_end<=?
        )
?[35m[Hibernate]?[0m 
    ?[34mselect?[0m
        c1_0.client_id,
        a1_0.acc_id,
        a1_0.acc_balance,
        a1_0.acc_credit,
        a1_0.acc_history,
        a1_0.acc_terms,
        c1_0.client_info,
        c1_0.client_name,
        o1_0.org_id,
        o1_0.org_inn,
        o1_0.org_name 
    ?[34mfrom?[0m
        clients c1_0 
    ?[34mleft?[0m ?[34mjoin?[0m
        accounts a1_0 
            ?[34mon?[0m a1_0.acc_id=c1_0.acc_id 
    ?[34mleft?[0m ?[34mjoin?[0m
        organizations o1_0 
            ?[34mon?[0m o1_0.org_id=c1_0.client_org 
    ?[34mwhere?[0m
        c1_0.client_id=?
?[35m[Hibernate]?[0m 
    ?[34mselect?[0m
        s1_0.service_id,
        s1_0.service_name,
        s1_0.service_package,
        s1_0.service_tariff 
    ?[34mfrom?[0m
        services s1_0 
    ?[34mwhere?[0m
        s1_0.service_id=?
?[35m[Hibernate]?[0m 
    ?[34mselect?[0m
        s1_0.service_id,
        s1_0.service_name,
        s1_0.service_package,
        s1_0.service_tariff 
    ?[34mfrom?[0m
        services s1_0 
    ?[34mwhere?[0m
        s1_0.service_id=?
?[35m[Hibernate]?[0m 
    ?[34mselect?[0m
        s1_0.service_id,
        s1_0.service_name,
        s1_0.service_package,
        s1_0.service_tariff 
    ?[34mfrom?[0m
        services s1_0 
    ?[34mwhere?[0m
        s1_0.service_id=?
?[35m[Hibernate]?[0m 
    ?[34mselect?[0m
        s1_0.service_id,
        s1_0.service_name,
        s1_0.service_package,
        s1_0.service_tariff 
    ?[34mfrom?[0m
        services s1_0 
    ?[34mwhere?[0m
        s1_0.service_id=?
?[35m[Hibernate]?[0m 
    ?[34mselect?[0m
        c1_0.client_id,
        a1_0.acc_id,
        a1_0.acc_balance,
        a1_0.acc_credit,
        a1_0.acc_history,
        a1_0.acc_terms,
        c1_0.client_info,
        c1_0.client_name,
        o1_0.org_id,
        o1_0.org_inn,
        o1_0.org_name 
    ?[34mfrom?[0m
        clients c1_0 
    ?[34mleft?[0m ?[34mjoin?[0m
        accounts a1_0 
            ?[34mon?[0m a1_0.acc_id=c1_0.acc_id 
    ?[34mleft?[0m ?[34mjoin?[0m
        organizations o1_0 
            ?[34mon?[0m o1_0.org_id=c1_0.client_org 
    ?[34mwhere?[0m
        c1_0.client_id=?
?[35m[Hibernate]?[0m 
    ?[34mselect?[0m
        s1_0.service_id,
        s1_0.service_name,
        s1_0.service_package,
        s1_0.service_tariff 
    ?[34mfrom?[0m
        services s1_0 
    ?[34mwhere?[0m
        s1_0.service_id=?
?[35m[Hibernate]?[0m 
    ?[34mselect?[0m
        cs1_0.client_id,
        cs1_0.service_id,
        cs1_0.contract_begin,
        cs1_0.contract_end,
        cs1_0.contract_num 
    ?[34mfrom?[0m
        client_service cs1_0
?[35m[Hibernate]?[0m 
    ?[34mselect?[0m
        c1_0.client_id,
        a1_0.acc_id,
        a1_0.acc_balance,
        a1_0.acc_credit,
        a1_0.acc_history,
        a1_0.acc_terms,
        c1_0.client_info,
        c1_0.client_name,
        o1_0.org_id,
        o1_0.org_inn,
        o1_0.org_name 
    ?[34mfrom?[0m
        clients c1_0 
    ?[34mleft?[0m ?[34mjoin?[0m
        accounts a1_0 
            ?[34mon?[0m a1_0.acc_id=c1_0.acc_id 
    ?[34mleft?[0m ?[34mjoin?[0m
        organizations o1_0 
            ?[34mon?[0m o1_0.org_id=c1_0.client_org 
    ?[34mwhere?[0m
        c1_0.client_id=?
?[35m[Hibernate]?[0m 
    ?[34mselect?[0m
        s1_0.service_id,
        s1_0.service_name,
        s1_0.service_package,
        s1_0.service_tariff 
    ?[34mfrom?[0m
        services s1_0 
    ?[34mwhere?[0m
        s1_0.service_id=?
?[35m[Hibernate]?[0m 
    ?[34mselect?[0m
        s1_0.service_id,
        s1_0.service_name,
        s1_0.service_package,
        s1_0.service_tariff 
    ?[34mfrom?[0m
        services s1_0 
    ?[34mwhere?[0m
        s1_0.service_id=?
?[35m[Hibernate]?[0m 
    ?[34mselect?[0m
        s1_0.service_id,
        s1_0.service_name,
        s1_0.service_package,
        s1_0.service_tariff 
    ?[34mfrom?[0m
        services s1_0 
    ?[34mwhere?[0m
        s1_0.service_id=?
?[35m[Hibernate]?[0m 
    ?[34mselect?[0m
        s1_0.service_id,
        s1_0.service_name,
        s1_0.service_package,
        s1_0.service_tariff 
    ?[34mfrom?[0m
        services s1_0 
    ?[34mwhere?[0m
        s1_0.service_id=?
?[35m[Hibernate]?[0m 
    ?[34mselect?[0m
        c1_0.client_id,
        a1_0.acc_id,
        a1_0.acc_balance,
        a1_0.acc_credit,
        a1_0.acc_history,
        a1_0.acc_terms,
        c1_0.client_info,
        c1_0.client_name,
        o1_0.org_id,
        o1_0.org_inn,
        o1_0.org_name 
    ?[34mfrom?[0m
        clients c1_0 
    ?[34mleft?[0m ?[34mjoin?[0m
        accounts a1_0 
            ?[34mon?[0m a1_0.acc_id=c1_0.acc_id 
    ?[34mleft?[0m ?[34mjoin?[0m
        organizations o1_0 
            ?[34mon?[0m o1_0.org_id=c1_0.client_org 
    ?[34mwhere?[0m
        c1_0.client_id=?
?[35m[Hibernate]?[0m 
    ?[34mselect?[0m
        s1_0.service_id,
        s1_0.service_name,
        s1_0.service_package,
        s1_0.service_tariff 
    ?[34mfrom?[0m
        services s1_0 
    ?[34mwhere?[0m
        s1_0.service_id=?
?[35m[Hibernate]?[0m 
    ?[34mselect?[0m
        c1_0.client_id,
        a1_0.acc_id,
        a1_0.acc_balance,
        a1_0.acc_credit,
        a1_0.acc_history,
        a1_0.acc_terms,
        c1_0.client_info,
        c1_0.client_name,
        o1_0.org_id,
        o1_0.org_inn,
        o1_0.org_name 
    ?[34mfrom?[0m
        clients c1_0 
    ?[34mleft?[0m ?[34mjoin?[0m
        accounts a1_0 
            ?[34mon?[0m a1_0.acc_id=c1_0.acc_id 
    ?[34mleft?[0m ?[34mjoin?[0m
        organizations o1_0 
            ?[34mon?[0m o1_0.org_id=c1_0.client_org 
    ?[34mwhere?[0m
        c1_0.client_id=?
?[35m[Hibernate]?[0m 
    ?[34mselect?[0m
        s1_0.service_id,
        s1_0.service_name,
        s1_0.service_package,
        s1_0.service_tariff 
    ?[34mfrom?[0m
        services s1_0 
    ?[34mwhere?[0m
        s1_0.service_id=?
?[35m[Hibernate]?[0m 
    ?[34minsert?[0m 
    ?[34minto?[0m
        client_service
        (contract_begin, contract_end, contract_num, client_id, service_id) 
    ?[34mvalues?[0m
        (?, ?, ?, ?, ?)
?[35m[Hibernate]?[0m 
    ?[34mselect?[0m
        cs1_0.client_id,
        cs1_0.service_id,
        c1_0.client_id,
        a1_0.acc_id,
        a1_0.acc_balance,
        a1_0.acc_credit,
        a1_0.acc_history,
        a1_0.acc_terms,
        c1_0.client_info,
        c1_0.client_name,
        o1_0.org_id,
        o1_0.org_inn,
        o1_0.org_name,
        cs1_0.contract_begin,
        cs1_0.contract_end,
        cs1_0.contract_num,
        s1_0.service_id,
        s1_0.service_name,
        s1_0.service_package,
        s1_0.service_tariff 
    ?[34mfrom?[0m
        client_service cs1_0 
    ?[34mleft?[0m ?[34mjoin?[0m
        clients c1_0 
            ?[34mon?[0m c1_0.client_id=cs1_0.client_id 
    ?[34mleft?[0m ?[34mjoin?[0m
        accounts a1_0 
            ?[34mon?[0m a1_0.acc_id=c1_0.acc_id 
    ?[34mleft?[0m ?[34mjoin?[0m
        organizations o1_0 
            ?[34mon?[0m o1_0.org_id=c1_0.client_org 
    ?[34mleft?[0m ?[34mjoin?[0m
        services s1_0 
            ?[34mon?[0m s1_0.service_id=cs1_0.service_id 
    ?[34mwhere?[0m
        (
            cs1_0.client_id, cs1_0.service_id
        ) ?[34min?[0m ((?, ?))
?[35m[Hibernate]?[0m 
    ?[34mselect?[0m
        cs1_0.client_id,
        cs1_0.service_id,
        c1_0.client_id,
        a1_0.acc_id,
        a1_0.acc_balance,
        a1_0.acc_credit,
        a1_0.acc_history,
        a1_0.acc_terms,
        c1_0.client_info,
        c1_0.client_name,
        o1_0.org_id,
        o1_0.org_inn,
        o1_0.org_name,
        cs1_0.contract_begin,
        cs1_0.contract_end,
        cs1_0.contract_num,
        s1_0.service_id,
        s1_0.service_name,
        s1_0.service_package,
        s1_0.service_tariff 
    ?[34mfrom?[0m
        client_service cs1_0 
    ?[34mleft?[0m ?[34mjoin?[0m
        clients c1_0 
            ?[34mon?[0m c1_0.client_id=cs1_0.client_id 
    ?[34mleft?[0m ?[34mjoin?[0m
        accounts a1_0 
            ?[34mon?[0m a1_0.acc_id=c1_0.acc_id 
    ?[34mleft?[0m ?[34mjoin?[0m
        organizations o1_0 
            ?[34mon?[0m o1_0.org_id=c1_0.client_org 
    ?[34mleft?[0m ?[34mjoin?[0m
        services s1_0 
            ?[34mon?[0m s1_0.service_id=cs1_0.service_id 
    ?[34mwhere?[0m
        (
            cs1_0.client_id, cs1_0.service_id
        ) ?[34min?[0m ((?, ?))
?[35m[Hibernate]?[0m 
    ?[34mupdate?[0m
        client_service 
    ?[34mset?[0m
        contract_begin=?,
        contract_end=?,
        contract_num=? 
    ?[34mwhere?[0m
        client_id=? 
        ?[34mand?[0m service_id=?
?[35m[Hibernate]?[0m 
    ?[34mselect?[0m
        cs1_0.client_id,
        cs1_0.service_id,
        c1_0.client_id,
        a1_0.acc_id,
        a1_0.acc_balance,
        a1_0.acc_credit,
        a1_0.acc_history,
        a1_0.acc_terms,
        c1_0.client_info,
        c1_0.client_name,
        o1_0.org_id,
        o1_0.org_inn,
        o1_0.org_name,
        cs1_0.contract_begin,
        cs1_0.contract_end,
        cs1_0.contract_num,
        s1_0.service_id,
        s1_0.service_name,
        s1_0.service_package,
        s1_0.service_tariff 
    ?[34mfrom?[0m
        client_service cs1_0 
    ?[34mleft?[0m ?[34mjoin?[0m
        clients c1_0 
            ?[34mon?[0m c1_0.client_id=cs1_0.client_id 
    ?[34mleft?[0m ?[34mjoin?[0m
        accounts a1_0 
            ?[34mon?[0m a1_0.acc_id=c1_0.acc_id 
    ?[34mleft?[0m ?[34mjoin?[0m
        organizations o1_0 
            ?[34mon?[0m o1_0.org_id=c1_0.client_org 
    ?[34mleft?[0m ?[34mjoin?[0m
        services s1_0 
            ?[34mon?[0m s1_0.service_id=cs1_0.service_id 
    ?[34mwhere?[0m
        (
            cs1_0.client_id, cs1_0.service_id
        ) ?[34min?[0m ((?, ?))
?[35m[Hibernate]?[0m 
    ?[34mselect?[0m
        cs1_0.client_id,
        cs1_0.service_id,
        c1_0.client_id,
        a1_0.acc_id,
        a1_0.acc_balance,
        a1_0.acc_credit,
        a1_0.acc_history,
        a1_0.acc_terms,
        c1_0.client_info,
        c1_0.client_name,
        o1_0.org_id,
        o1_0.org_inn,
        o1_0.org_name,
        cs1_0.contract_begin,
        cs1_0.contract_end,
        cs1_0.contract_num,
        s1_0.service_id,
        s1_0.service_name,
        s1_0.service_package,
        s1_0.service_tariff 
    ?[34mfrom?[0m
        client_service cs1_0 
    ?[34mleft?[0m ?[34mjoin?[0m
        clients c1_0 
            ?[34mon?[0m c1_0.client_id=cs1_0.client_id 
    ?[34mleft?[0m ?[34mjoin?[0m
        accounts a1_0 
            ?[34mon?[0m a1_0.acc_id=c1_0.acc_id 
    ?[34mleft?[0m ?[34mjoin?[0m
        organizations o1_0 
            ?[34mon?[0m o1_0.org_id=c1_0.client_org 
    ?[34mleft?[0m ?[34mjoin?[0m
        services s1_0 
            ?[34mon?[0m s1_0.service_id=cs1_0.service_id 
    ?[34mwhere?[0m
        (
            cs1_0.client_id, cs1_0.service_id
        ) ?[34min?[0m ((?, ?))
?[35m[Hibernate]?[0m 
    ?[34mselect?[0m
        ?[34mnull?[0m,
        cs1_0.client_id,
        cs1_0.contract_begin,
        cs1_0.contract_end,
        cs1_0.contract_num,
        cs1_0.service_id 
    ?[34mfrom?[0m
        client_service cs1_0 
    ?[34mwhere?[0m
        cs1_0.client_id=? 
        ?[34mand?[0m cs1_0.service_id=?
?[35m[Hibernate]?[0m 
    ?[34mdelete?[0m 
    ?[34mfrom?[0m
        client_service 
    ?[34mwhere?[0m
        client_id=? 
        ?[34mand?[0m service_id=?
?[35m[Hibernate]?[0m 
    ?[34mselect?[0m
        cs1_0.client_id,
        cs1_0.service_id,
        c1_0.client_id,
        a1_0.acc_id,
        a1_0.acc_balance,
        a1_0.acc_credit,
        a1_0.acc_history,
        a1_0.acc_terms,
        c1_0.client_info,
        c1_0.client_name,
        o1_0.org_id,
        o1_0.org_inn,
        o1_0.org_name,
        cs1_0.contract_begin,
        cs1_0.contract_end,
        cs1_0.contract_num,
        s1_0.service_id,
        s1_0.service_name,
        s1_0.service_package,
        s1_0.service_tariff 
    ?[34mfrom?[0m
        client_service cs1_0 
    ?[34mleft?[0m ?[34mjoin?[0m
        clients c1_0 
            ?[34mon?[0m c1_0.client_id=cs1_0.client_id 
    ?[34mleft?[0m ?[34mjoin?[0m
        accounts a1_0 
            ?[34mon?[0m a1_0.acc_id=c1_0.acc_id 
    ?[34mleft?[0m ?[34mjoin?[0m
        organizations o1_0 
            ?[34mon?[0m o1_0.org_id=c1_0.client_org 
    ?[34mleft?[0m ?[34mjoin?[0m
        services s1_0 
            ?[34mon?[0m s1_0.service_id=cs1_0.service_id 
    ?[34mwhere?[0m
        (
            cs1_0.client_id, cs1_0.service_id
        ) ?[34min?[0m ((?, ?))
?[35m[Hibernate]?[0m 
    ?[34mselect?[0m
        ?[34mnull?[0m,
        cs1_0.client_id,
        cs1_0.contract_begin,
        cs1_0.contract_end,
        cs1_0.contract_num,
        cs1_0.service_id 
    ?[34mfrom?[0m
        client_service cs1_0 
    ?[34mwhere?[0m
        cs1_0.client_id=? 
        ?[34mand?[0m cs1_0.service_id=?
?[35m[Hibernate]?[0m 
    ?[34mdelete?[0m 
    ?[34mfrom?[0m
        client_service 
    ?[34mwhere?[0m
        client_id=? 
        ?[34mand?[0m service_id=?
]]></system-out>
  <system-err><![CDATA[]]></system-err>
</testsuite>
